<?xml version="1.0" encoding="UTF-8"?>
<!-- Generated by org.testng.reporters.JUnitReportReporter -->
<testsuite skipped="0" hostname="NODE323" name="demo.demoTest5" tests="1" failures="0" timestamp="11 Nov 2019 07:08:26 GMT" time="19.642" errors="0">
  <testcase name="main" time="19.642" classname="demo.demoTest5"/>
</testsuite> <!-- demo.demoTest5 -->
