<?xml version="1.0" encoding="UTF-8"?>
<!-- Generated by org.testng.reporters.JUnitReportReporter -->
<testsuite skipped="0" hostname="NODE323" name="demo.demoTest1" tests="4" failures="0" timestamp="21 Oct 2019 06:22:20 GMT" time="0.020" errors="0">
  <testcase name="add" time="0.014" classname="demo.demoTest1"/>
  <testcase name="div" time="0.002" classname="demo.demoTest1"/>
  <testcase name="sub" time="0.002" classname="demo.demoTest1"/>
  <testcase name="mul" time="0.002" classname="demo.demoTest1"/>
</testsuite> <!-- demo.demoTest1 -->
