<?xml version="1.0" encoding="UTF-8"?>
<!-- Generated by org.testng.reporters.JUnitReportReporter -->
<testsuite skipped="0" hostname="NODE323" name="demo.Amazontest" tests="1" failures="0" timestamp="28 Nov 2019 09:08:02 GMT" time="0.130" errors="0">
  <testcase name="sub" time="0.130" classname="demo.Amazontest"/>
</testsuite> <!-- demo.Amazontest -->
