<?xml version="1.0" encoding="UTF-8"?>
<!-- Generated by org.testng.reporters.JUnitReportReporter -->
<testsuite skipped="0" hostname="NODE323" name="demo.demoTest4" tests="4" failures="0" timestamp="28 Nov 2019 09:08:02 GMT" time="0.029" errors="0">
  <testcase name="add" time="0.010" classname="demo.demoTest4"/>
  <testcase name="div" time="0.007" classname="demo.demoTest4"/>
  <testcase name="sub" time="0.005" classname="demo.demoTest4"/>
  <testcase name="mul" time="0.007" classname="demo.demoTest4"/>
</testsuite> <!-- demo.demoTest4 -->
