<?xml version="1.0" encoding="UTF-8"?>
<!-- Generated by org.testng.reporters.JUnitReportReporter -->
<testsuite skipped="0" hostname="NODE323" name="demo.demoTest2" tests="4" failures="0" timestamp="28 Nov 2019 09:08:02 GMT" time="0.034" errors="0">
  <testcase name="add" time="0.009" classname="demo.demoTest2"/>
  <testcase name="mul" time="0.009" classname="demo.demoTest2"/>
  <testcase name="div" time="0.010" classname="demo.demoTest2"/>
  <testcase name="sub" time="0.006" classname="demo.demoTest2"/>
</testsuite> <!-- demo.demoTest2 -->
