<?xml version="1.0" encoding="UTF-8"?>
<!-- Generated by org.testng.reporters.JUnitReportReporter -->
<testsuite skipped="0" hostname="NODE323" name="demo.demoTest1" tests="5" failures="0" timestamp="24 Oct 2019 07:34:07 GMT" time="0.012" errors="0">
  <testcase name="mul" time="0.001" classname="demo.demoTest1"/>
  <testcase name="div" time="0.008" classname="demo.demoTest1"/>
  <testcase name="add" time="0.001" classname="demo.demoTest1"/>
  <testcase name="all_methods" time="0.001" classname="demo.demoTest1"/>
  <testcase name="sub" time="0.001" classname="demo.demoTest1"/>
</testsuite> <!-- demo.demoTest1 -->
