<?xml version="1.0" encoding="UTF-8"?>
<!-- Generated by org.testng.reporters.JUnitReportReporter -->
<testsuite skipped="0" hostname="NODE323" name="demo.demoTest1" tests="2" failures="0" timestamp="03 Dec 2019 04:28:59 GMT" time="68.586" errors="0">
  <testcase name="printData" time="44.807" classname="demo.demoTest1"/>
  <testcase name="printData" time="23.779" classname="demo.demoTest1"/>
</testsuite> <!-- demo.demoTest1 -->
