<?xml version="1.0" encoding="UTF-8"?>
<!-- Generated by org.testng.reporters.JUnitReportReporter -->
<testsuite skipped="0" hostname="NODE323" name="demo.demoTest2" tests="4" failures="0" timestamp="27 Nov 2019 06:10:52 GMT" time="0.014" errors="0">
  <testcase name="sub" time="0.003" classname="demo.demoTest2"/>
  <testcase name="mul" time="0.004" classname="demo.demoTest2"/>
  <testcase name="add" time="0.003" classname="demo.demoTest2"/>
  <testcase name="div" time="0.004" classname="demo.demoTest2"/>
</testsuite> <!-- demo.demoTest2 -->
