<?xml version="1.0" encoding="UTF-8"?>
<!-- Generated by org.testng.reporters.JUnitReportReporter -->
<testsuite skipped="0" hostname="NODE323" name="demo.demoTest5" tests="1" failures="0" timestamp="25 Nov 2019 08:59:15 GMT" time="24.811" errors="0">
  <testcase name="main" time="24.811" classname="demo.demoTest5"/>
</testsuite> <!-- demo.demoTest5 -->
