<?xml version="1.0" encoding="UTF-8"?>
<!-- Generated by org.testng.reporters.JUnitReportReporter -->
<testsuite skipped="0" hostname="NODE323" name="demo.demoTest4" tests="4" failures="0" timestamp="25 Oct 2019 07:32:46 GMT" time="0.087" errors="0">
  <testcase name="div" time="0.053" classname="demo.demoTest4"/>
  <testcase name="mul" time="0.017" classname="demo.demoTest4"/>
  <testcase name="add" time="0.011" classname="demo.demoTest4"/>
  <testcase name="sub" time="0.006" classname="demo.demoTest4"/>
</testsuite> <!-- demo.demoTest4 -->
