<?xml version="1.0" encoding="UTF-8"?>
<!-- Generated by org.testng.reporters.JUnitReportReporter -->
<testsuite skipped="0" hostname="NODE323" name="demo.demoTest3" tests="4" failures="0" timestamp="24 Oct 2019 05:55:01 GMT" time="0.005" errors="0">
  <testcase name="mul" time="0.001" classname="demo.demoTest3"/>
  <testcase name="sub" time="0.000" classname="demo.demoTest3"/>
  <testcase name="add" time="0.001" classname="demo.demoTest3"/>
  <testcase name="div" time="0.003" classname="demo.demoTest3"/>
</testsuite> <!-- demo.demoTest3 -->
