<?xml version="1.0" encoding="UTF-8"?>
<!-- Generated by org.testng.reporters.JUnitReportReporter -->
<testsuite skipped="0" hostname="NODE323" name="demo.demoTest2" tests="4" failures="0" timestamp="25 Oct 2019 07:36:58 GMT" time="0.022" errors="0">
  <testcase name="mul" time="0.003" classname="demo.demoTest2"/>
  <testcase name="sub" time="0.007" classname="demo.demoTest2"/>
  <testcase name="div" time="0.007" classname="demo.demoTest2"/>
  <testcase name="add" time="0.005" classname="demo.demoTest2"/>
</testsuite> <!-- demo.demoTest2 -->
