<?xml version="1.0" encoding="UTF-8"?>
<!-- Generated by org.testng.reporters.JUnitReportReporter -->
<testsuite skipped="0" hostname="NODE323" name="demo.Amazontest" tests="1" failures="0" timestamp="23 Oct 2019 11:17:46 GMT" time="0.002" errors="0">
  <testcase name="sub" time="0.002" classname="demo.Amazontest"/>
</testsuite> <!-- demo.Amazontest -->
