<?xml version="1.0" encoding="UTF-8"?>
<!-- Generated by org.testng.reporters.JUnitReportReporter -->
<testsuite skipped="0" hostname="NODE323" name="demo.demoTest1" tests="3" failures="0" timestamp="22 Oct 2019 11:06:39 GMT" time="0.017" errors="0">
  <testcase name="mul" time="0.001" classname="demo.demoTest1"/>
  <testcase name="add" time="0.016" classname="demo.demoTest1"/>
  <testcase name="sub" time="0.000" classname="demo.demoTest1"/>
</testsuite> <!-- demo.demoTest1 -->
