<?xml version="1.0" encoding="UTF-8"?>
<!-- Generated by org.testng.reporters.JUnitReportReporter -->
<testsuite skipped="0" hostname="NODE323" name="demo.demoTest1" tests="5" failures="0" timestamp="25 Oct 2019 07:32:46 GMT" time="0.183" errors="0">
  <testcase name="mul" time="0.013" classname="demo.demoTest1"/>
  <testcase name="all_methods" time="0.000" classname="demo.demoTest1"/>
  <testcase name="sub" time="0.005" classname="demo.demoTest1"/>
  <testcase name="add" time="0.000" classname="demo.demoTest1"/>
  <testcase name="div" time="0.165" classname="demo.demoTest1"/>
</testsuite> <!-- demo.demoTest1 -->
