<?xml version="1.0" encoding="UTF-8"?>
<!-- Generated by org.testng.reporters.JUnitReportReporter -->
<testsuite skipped="1" hostname="NODE323" name="demo.Amazontest" tests="1" failures="0" timestamp="27 Nov 2019 05:57:33 GMT" time="0.000" errors="0">
  <testcase name="sub" time="0.000" classname="demo.Amazontest">
    <skipped/>
  </testcase> <!-- sub -->
</testsuite> <!-- demo.Amazontest -->
